::1 - - [15/Apr/2023:13:48:34 +0000] "GET /user HTTP/1.1" 404 143 "-" "PostmanRuntime/7.32.2"
::1 - - [15/Apr/2023:13:48:36 +0000] "GET /user HTTP/1.1" 404 143 "-" "PostmanRuntime/7.32.2"
::1 - - [15/Apr/2023:14:33:04 +0000] "POST /api/user/create HTTP/1.1" 200 279 "-" "PostmanRuntime/7.32.2"
::1 - - [15/Apr/2023:14:45:11 +0000] "POST /api/user/create HTTP/1.1" 200 38 "-" "PostmanRuntime/7.32.2"
::1 - - [15/Apr/2023:14:45:48 +0000] "POST /api/user/create HTTP/1.1" 200 38 "-" "PostmanRuntime/7.32.2"
::1 - - [15/Apr/2023:14:54:36 +0000] "POST /api/user/create HTTP/1.1" 200 2 "-" "PostmanRuntime/7.32.2"
::1 - - [15/Apr/2023:14:54:38 +0000] "POST /api/user/create HTTP/1.1" 200 2 "-" "PostmanRuntime/7.32.2"
::1 - - [15/Apr/2023:14:54:39 +0000] "POST /api/user/create HTTP/1.1" 200 2 "-" "PostmanRuntime/7.32.2"
::1 - - [15/Apr/2023:14:58:16 +0000] "POST /api/user/create HTTP/1.1" - - "-" "PostmanRuntime/7.32.2"
::1 - - [15/Apr/2023:15:01:19 +0000] "POST /api/user/create HTTP/1.1" 200 178 "-" "PostmanRuntime/7.32.2"
::1 - - [15/Apr/2023:15:01:53 +0000] "POST /api/user/create HTTP/1.1" 500 178 "-" "PostmanRuntime/7.32.2"
::1 - - [15/Apr/2023:15:05:05 +0000] "POST /api/user/create HTTP/1.1" 500 178 "-" "PostmanRuntime/7.32.2"
::1 - - [15/Apr/2023:15:05:07 +0000] "POST /api/user/create HTTP/1.1" 500 178 "-" "PostmanRuntime/7.32.2"
::1 - - [15/Apr/2023:15:05:35 +0000] "POST /api/user/create HTTP/1.1" 500 177 "-" "PostmanRuntime/7.32.2"
::1 - - [15/Apr/2023:15:05:36 +0000] "POST /api/user/create HTTP/1.1" 500 177 "-" "PostmanRuntime/7.32.2"
::1 - - [15/Apr/2023:15:05:37 +0000] "POST /api/user/create HTTP/1.1" 500 177 "-" "PostmanRuntime/7.32.2"
::1 - - [15/Apr/2023:15:06:20 +0000] "POST /api/user/create HTTP/1.1" 500 177 "-" "PostmanRuntime/7.32.2"
::1 - - [15/Apr/2023:15:39:57 +0000] "POST /api/user/create HTTP/1.1" 500 177 "-" "PostmanRuntime/7.32.2"
::1 - - [16/Apr/2023:13:42:35 +0000] "POST /api/user/create HTTP/1.1" 500 177 "-" "PostmanRuntime/7.32.2"
::1 - - [16/Apr/2023:13:42:51 +0000] "POST /api/user/create HTTP/1.1" 500 177 "-" "PostmanRuntime/7.32.2"
::1 - - [16/Apr/2023:13:42:52 +0000] "POST /api/user/create HTTP/1.1" 500 177 "-" "PostmanRuntime/7.32.2"
::1 - - [16/Apr/2023:13:42:53 +0000] "POST /api/user/create HTTP/1.1" 500 177 "-" "PostmanRuntime/7.32.2"
::1 - - [16/Apr/2023:13:42:54 +0000] "POST /api/user/create HTTP/1.1" 500 177 "-" "PostmanRuntime/7.32.2"
::1 - - [16/Apr/2023:13:43:03 +0000] "POST /api/user/create HTTP/1.1" 500 177 "-" "PostmanRuntime/7.32.2"
::1 - - [16/Apr/2023:13:43:04 +0000] "POST /api/user/create HTTP/1.1" 500 177 "-" "PostmanRuntime/7.32.2"
::1 - - [16/Apr/2023:13:43:04 +0000] "POST /api/user/create HTTP/1.1" 500 177 "-" "PostmanRuntime/7.32.2"
::1 - - [16/Apr/2023:13:43:05 +0000] "POST /api/user/create HTTP/1.1" 500 177 "-" "PostmanRuntime/7.32.2"
::1 - - [16/Apr/2023:13:44:07 +0000] "POST /api/user/create HTTP/1.1" 500 177 "-" "PostmanRuntime/7.32.2"
::1 - - [16/Apr/2023:13:44:08 +0000] "POST /api/user/create HTTP/1.1" 500 177 "-" "PostmanRuntime/7.32.2"
::1 - - [16/Apr/2023:13:44:08 +0000] "POST /api/user/create HTTP/1.1" 500 177 "-" "PostmanRuntime/7.32.2"
::1 - - [16/Apr/2023:13:44:09 +0000] "POST /api/user/create HTTP/1.1" 500 177 "-" "PostmanRuntime/7.32.2"
::1 - - [16/Apr/2023:13:44:10 +0000] "POST /api/user/create HTTP/1.1" 500 177 "-" "PostmanRuntime/7.32.2"
::1 - - [16/Apr/2023:13:45:04 +0000] "POST /api/user/create HTTP/1.1" 201 387 "-" "PostmanRuntime/7.32.2"
::1 - - [18/Apr/2023:13:47:30 +0000] "POST /api/user/sign-up HTTP/1.1" 404 131 "-" "PostmanRuntime/7.32.2"
::1 - - [18/Apr/2023:13:49:48 +0000] "POST /api/user/sign-up HTTP/1.1" 404 131 "-" "PostmanRuntime/7.32.2"
::1 - - [18/Apr/2023:13:49:49 +0000] "POST /api/user/sign-up HTTP/1.1" 404 131 "-" "PostmanRuntime/7.32.2"
::1 - - [18/Apr/2023:13:49:50 +0000] "POST /api/user/sign-up HTTP/1.1" 404 131 "-" "PostmanRuntime/7.32.2"
::1 - - [18/Apr/2023:13:50:04 +0000] "POST /api/user/sign-up HTTP/1.1" 404 131 "-" "PostmanRuntime/7.32.2"
::1 - - [18/Apr/2023:13:50:05 +0000] "POST /api/user/sign-up HTTP/1.1" 404 131 "-" "PostmanRuntime/7.32.2"
::1 - - [18/Apr/2023:13:50:05 +0000] "POST /api/user/sign-up HTTP/1.1" 404 131 "-" "PostmanRuntime/7.32.2"
::1 - - [18/Apr/2023:13:50:06 +0000] "POST /api/user/sign-up HTTP/1.1" 404 131 "-" "PostmanRuntime/7.32.2"
::1 - - [18/Apr/2023:13:50:06 +0000] "POST /api/user/sign-up HTTP/1.1" 404 131 "-" "PostmanRuntime/7.32.2"
::1 - - [18/Apr/2023:13:50:49 +0000] "POST /api/user/sign-up HTTP/1.1" 500 131 "-" "PostmanRuntime/7.32.2"
::1 - - [18/Apr/2023:13:50:50 +0000] "POST /api/user/sign-up HTTP/1.1" 500 131 "-" "PostmanRuntime/7.32.2"
::1 - - [18/Apr/2023:13:50:51 +0000] "POST /api/user/sign-up HTTP/1.1" 500 131 "-" "PostmanRuntime/7.32.2"
::1 - - [18/Apr/2023:13:50:51 +0000] "POST /api/user/sign-up HTTP/1.1" 500 131 "-" "PostmanRuntime/7.32.2"
::1 - - [18/Apr/2023:14:02:01 +0000] "POST /api/user/sign-up HTTP/1.1" 500 131 "-" "PostmanRuntime/7.32.2"
::1 - - [18/Apr/2023:14:06:06 +0000] "POST /api/user/sign-up HTTP/1.1" 201 338 "-" "PostmanRuntime/7.32.2"
::1 - - [18/Apr/2023:14:06:29 +0000] "POST /api/user/sign-up HTTP/1.1" 201 328 "-" "PostmanRuntime/7.32.2"
::1 - - [18/Apr/2023:14:06:30 +0000] "POST /api/user/sign-up HTTP/1.1" 201 328 "-" "PostmanRuntime/7.32.2"
::1 - - [18/Apr/2023:14:06:31 +0000] "POST /api/user/sign-up HTTP/1.1" 201 328 "-" "PostmanRuntime/7.32.2"
::1 - - [18/Apr/2023:14:06:31 +0000] "POST /api/user/sign-up HTTP/1.1" 201 328 "-" "PostmanRuntime/7.32.2"
::1 - - [18/Apr/2023:14:06:32 +0000] "POST /api/user/sign-up HTTP/1.1" 201 328 "-" "PostmanRuntime/7.32.2"
::1 - - [18/Apr/2023:14:06:33 +0000] "POST /api/user/sign-up HTTP/1.1" 201 328 "-" "PostmanRuntime/7.32.2"
::1 - - [18/Apr/2023:14:07:00 +0000] "POST /api/user/sign-in HTTP/1.1" 500 136 "-" "PostmanRuntime/7.32.2"
::1 - - [18/Apr/2023:14:07:05 +0000] "POST /api/user/sign-in HTTP/1.1" 500 136 "-" "PostmanRuntime/7.32.2"
::1 - - [18/Apr/2023:14:07:06 +0000] "POST /api/user/sign-in HTTP/1.1" 500 136 "-" "PostmanRuntime/7.32.2"
::1 - - [18/Apr/2023:14:09:59 +0000] "POST /api/user/sign-in HTTP/1.1" 500 136 "-" "PostmanRuntime/7.32.2"
::1 - - [18/Apr/2023:14:10:00 +0000] "POST /api/user/sign-in HTTP/1.1" 500 136 "-" "PostmanRuntime/7.32.2"
::1 - - [18/Apr/2023:14:10:01 +0000] "POST /api/user/sign-in HTTP/1.1" 500 136 "-" "PostmanRuntime/7.32.2"
::1 - - [18/Apr/2023:14:10:01 +0000] "POST /api/user/sign-in HTTP/1.1" 500 136 "-" "PostmanRuntime/7.32.2"
::1 - - [18/Apr/2023:14:10:02 +0000] "POST /api/user/sign-in HTTP/1.1" 500 136 "-" "PostmanRuntime/7.32.2"
::1 - - [18/Apr/2023:14:10:02 +0000] "POST /api/user/sign-in HTTP/1.1" 500 136 "-" "PostmanRuntime/7.32.2"
::1 - - [18/Apr/2023:14:10:03 +0000] "POST /api/user/sign-in HTTP/1.1" 500 136 "-" "PostmanRuntime/7.32.2"
::1 - - [18/Apr/2023:14:10:32 +0000] "POST /api/user/sign-in HTTP/1.1" 200 335 "-" "PostmanRuntime/7.32.2"
::1 - - [18/Apr/2023:14:10:34 +0000] "POST /api/user/sign-in HTTP/1.1" 200 335 "-" "PostmanRuntime/7.32.2"
::1 - - [19/Apr/2023:01:58:14 +0000] "POST /api/user/sign-in HTTP/1.1" 500 434 "-" "PostmanRuntime/7.32.2"
::1 - - [19/Apr/2023:01:58:26 +0000] "GET /ws HTTP/1.1" 404 141 "-" "Mozilla/5.0 (Windows NT 10.0; Win64; x64) AppleWebKit/537.36 (KHTML, like Gecko) Chrome/112.0.0.0 Safari/537.36 Edg/112.0.1722.48"
::1 - - [19/Apr/2023:01:58:40 +0000] "POST /api/user/sign-in HTTP/1.1" 500 434 "-" "PostmanRuntime/7.32.2"
::1 - - [19/Apr/2023:01:59:16 +0000] "POST /api/user/sign-in HTTP/1.1" 500 136 "-" "PostmanRuntime/7.32.2"
::1 - - [19/Apr/2023:01:59:31 +0000] "GET /ws HTTP/1.1" 404 141 "-" "Mozilla/5.0 (Windows NT 10.0; Win64; x64) AppleWebKit/537.36 (KHTML, like Gecko) Chrome/112.0.0.0 Safari/537.36 Edg/112.0.1722.48"
::1 - - [19/Apr/2023:02:00:07 +0000] "POST /api/user/sign-in HTTP/1.1" 200 335 "-" "PostmanRuntime/7.32.2"
::1 - - [19/Apr/2023:02:00:58 +0000] "POST /api/user/sign-in HTTP/1.1" 200 335 "-" "PostmanRuntime/7.32.2"
::1 - - [19/Apr/2023:02:01:40 +0000] "GET /ws HTTP/1.1" 404 141 "-" "Mozilla/5.0 (Windows NT 10.0; Win64; x64) AppleWebKit/537.36 (KHTML, like Gecko) Chrome/112.0.0.0 Safari/537.36 Edg/112.0.1722.48"
::1 - - [19/Apr/2023:14:26:33 +0000] "GET /api/users/sign-in HTTP/1.1" 404 156 "-" "PostmanRuntime/7.32.2"
::1 - - [19/Apr/2023:14:26:34 +0000] "GET /api/users/sign-in HTTP/1.1" 404 156 "-" "PostmanRuntime/7.32.2"
::1 - - [19/Apr/2023:14:26:51 +0000] "GET /api/user/sign-in HTTP/1.1" 404 155 "-" "PostmanRuntime/7.32.2"
::1 - - [19/Apr/2023:14:26:51 +0000] "GET /api/user/sign-in HTTP/1.1" 404 155 "-" "PostmanRuntime/7.32.2"
::1 - - [19/Apr/2023:14:26:56 +0000] "POST /api/user/sign-in HTTP/1.1" 200 335 "-" "PostmanRuntime/7.32.2"
::1 - - [22/Apr/2023:10:08:32 +0000] "POST /api/user/sign-in HTTP/1.1" 500 163 "-" "PostmanRuntime/7.32.2"
::1 - - [22/Apr/2023:10:08:45 +0000] "POST /api/user/sign-in HTTP/1.1" 500 163 "-" "PostmanRuntime/7.32.2"
::1 - - [22/Apr/2023:10:08:46 +0000] "POST /api/user/sign-in HTTP/1.1" 500 163 "-" "PostmanRuntime/7.32.2"
::1 - - [22/Apr/2023:10:08:52 +0000] "POST /api/user/sign-in HTTP/1.1" 404 125 "-" "PostmanRuntime/7.32.2"
::1 - - [22/Apr/2023:10:08:53 +0000] "POST /api/user/sign-in HTTP/1.1" 404 125 "-" "PostmanRuntime/7.32.2"
::1 - - [23/Apr/2023:03:33:23 +0000] "GET /api/category HTTP/1.1" 404 151 "-" "PostmanRuntime/7.32.2"
::1 - - [23/Apr/2023:03:33:33 +0000] "GET /api/category/ HTTP/1.1" 404 152 "-" "PostmanRuntime/7.32.2"
::1 - - [23/Apr/2023:03:33:45 +0000] "GET /api/category/ HTTP/1.1" 200 74 "-" "PostmanRuntime/7.32.2"
::1 - - [23/Apr/2023:03:33:46 +0000] "GET /api/category/ HTTP/1.1" 200 74 "-" "PostmanRuntime/7.32.2"
::1 - - [23/Apr/2023:03:33:47 +0000] "GET /api/category/ HTTP/1.1" 200 74 "-" "PostmanRuntime/7.32.2"
